1: package org.cxb.io;
2: 
3: import java.io.BufferedReader;
4: import java.io.BufferedWriter;
5: import java.io.File;
6: import java.io.FileWriter;
7: import java.io.IOException;
8: import java.io.LineNumberReader;
9: import java.io.PrintWriter;
10: import java.io.StringReader;
11: import java.util.Date;
12: 
13: public class BasicFileOutput {
14: 	static String file = ".\\src\\org\\cxb\\io\\BasicFileOutput.out";
15: 	public static void main(String[] args) throws IOException{
16: 		BufferedReader in = new BufferedReader(
17: 				new StringReader(
18: 						BufferedInputFile.read(".\\src\\org\\cxb\\io\\BasicFileOutput.java")));
19: //		LineNumberReader in = new LineNumberReader(
20: //				new StringReader(
21: //						BufferedInputFile.read(".\\src\\org\\cxb\\io\\BasicFileOutput.java")));
22: 		PrintWriter out = new PrintWriter(
23: 				new BufferedWriter(new FileWriter(file)));
24: 		int lineCount = 1;
25: 		String s;
26: 		long timeBefore = new Date().getTime();
27: 		while((s = in.readLine()) != null){
28: 			out.println(lineCount++ + ": " + s);
29: //			out.println(in.getLineNumber() + ": " + s);
30: 		}
31: 		out.close();
32: 		long timeAfter = new Date().getTime();
33: 		System.out.println("time: " + (timeAfter - timeBefore));
34: 		System.out.println(BufferedInputFile.read(file));
35: 		
36: 		writeWithOutBuff();
37: 	}
38: 	
39: 	public static void writeWithOutBuff() throws IOException{
40: 		LineNumberReader in = new LineNumberReader(
41: 				new StringReader(
42: 						BufferedInputFile.read(".\\src\\org\\cxb\\io\\BasicFileOutput.java")));
43: 		FileWriter out = new FileWriter(new File(file));
44: 		int lineCount = 1;
45: 		String s;
46: 		long timeBefore = new Date().getTime();
47: 		while ((s = in.readLine()) != null){
48: 			out.write(lineCount++ + ": " + s + "\n");
49: 		}
50: 		out.close();
51: 		long timeAfter = new Date().getTime();
52: 		System.out.println("time: " + (timeAfter - timeBefore));
53: 		System.out.println(BufferedInputFile.read(file));
54: 	}
55: }
